<?xml version="1.0" encoding="UTF-8"?>
<!-- Generated by org.testng.reporters.JUnitXMLReporter -->
<testsuite hostname="kishore.corp.monocept.com" name="Default test" tests="11" failures="0" timestamp="30 Nov 2015 15:16:21 GMT" time="1003.403" errors="0">
  <testcase name="AD_C333179_Verify_AdCall_On_PulltoRefresh" time="8.55" classname="com.twc.AD_TestSuite.Smoke_Test"/>
  <testcase name="AD_C333174_FactualCall_On_FreshLaunch_RE" time="12.61" classname="com.twc.AD_TestSuite.Smoke_Test"/>
  <testcase name="AD_C333173_Verify_WeatherFX_ApiCall_On_FreshLaunch_RE" time="75.248" classname="com.twc.AD_TestSuite.Smoke_Test"/>
  <testcase name="AD_C333182_LotameAdTargeting_On_AppLaunch" time="88.272" classname="com.twc.AD_TestSuite.Smoke_Test"/>
  <testcase name="AD_C333175_Verify_Ad_Present_On_HourlyExtended_page" time="6.79" classname="com.twc.AD_TestSuite.Smoke_Test"/>
  <testcase name="AD_C333180_Verify_Ad_Present_On_DailyExtended_page" time="206.442" classname="com.twc.AD_TestSuite.Smoke_Test"/>
  <testcase name="AD_C333176_Verify_Ad_Present_On_MapsExtended_page" time="71.125" classname="com.twc.AD_TestSuite.Smoke_Test"/>
  <testcase name="AD_C333177_Verify_Ad_Present_On_NewsExtended_page" time="140.365" classname="com.twc.AD_TestSuite.Smoke_Test"/>
  <testcase name="AD_C333172_Verify_AdCalls_On_CleanLaunch" time="176.717" classname="com.twc.AD_TestSuite.Smoke_Test"/>
  <testcase name="AD_C333173_Verify_WeatherFX_ApiCall" time="56.56" classname="com.twc.AD_TestSuite.Smoke_Test"/>
  <testcase name="AD_C333174_FactualCall_On_FreshLaunch" time="57.599" classname="com.twc.AD_TestSuite.Smoke_Test"/>
</testsuite> <!-- Default test -->
